1522231237637	geckodriver	INFO	geckodriver 0.20.0
1522231237645	geckodriver	INFO	Listening on 127.0.0.1:49833
1522231240679	mozrunner::runner	INFO	Running command: "C:\\Program Files\\Mozilla Firefox\\firefox.exe" "-marionette" "-profile" "D:\\AppData\\Local\\Temp\\rust_mozprofile.8ZJidNmwcNRl"
Unable to read VR Path Registry from C:\Users\Sandro\AppData\Local\openvr\openvrpaths.vrpath
Unable to read VR Path Registry from C:\Users\Sandro\AppData\Local\openvr\openvrpaths.vrpath
Unable to read VR Path Registry from C:\Users\Sandro\AppData\Local\openvr\openvrpaths.vrpath
Unable to read VR Path Registry from C:\Users\Sandro\AppData\Local\openvr\openvrpaths.vrpath
Unable to read VR Path Registry from C:\Users\Sandro\AppData\Local\openvr\openvrpaths.vrpath
1522231244338	Marionette	INFO	Listening on port 49846
1522231244857	Marionette	WARN	TLS certificate errors will be ignored for this session
[Parent 6028, Gecko_IOThread] WARNING: pipe error: 109: file z:/build/build/src/ipc/chromium/src/chrome/common/ipc_channel_win.cc, line 346
[Parent 6028, Gecko_IOThread] WARNING: pipe error: 109: file z:/build/build/src/ipc/chromium/src/chrome/common/ipc_channel_win.cc, line 346

###!!! [Child][MessageChannel] Error: (msgtype=0x48000F,name=PHttpChannel::Msg___delete__) Channel closing: too late to send/recv, messages will be lost

[Child 208, Chrome_ChildThread] WARNING: pipe error: 109: file z:/build/build/src/ipc/chromium/src/chrome/common/ipc_channel_win.cc, line 346
[Child 208, Chrome_ChildThread] WARNING: pipe error: 109: file z:/build/build/src/ipc/chromium/src/chrome/common/ipc_channel_win.cc, lin[Child 16428, Chrome_ChildThread] WARNING: pipe error: 109: file z:/build/build/src/ipc/chromium/src/chrome/common/ipc_channel_win.cc, line 346
[Child 16428, Chrome_ChildThread] WARNING: pipe error: 109: file z:/build/build/src/ipc/chromium/src/c[Child 13760, Chrome_ChildThread] WARNING: pipe error: 109: file z:/build/build/src/ipc/chromium/src/chrome/common/ipc_channel_win.cc, line 346
[Child 13760, Chrome_ChildThread] WARNING: pipe error: 109: file z:/build/build/src/i
###!!! [Child][MessageChannel::SendAndWait] Error: Channel error: cannot send/recv

e z:/build/build/src/ipc/chromium/src/chrome/common/ipc_channel_win.cc, line 346
*** UTM:SVC TimerManager:registerTimer called after profile-before-change notification. Ignoring timer registration for id: telemetry_modules_ping

###!!! [Child][MessageChannel::SendAndWait] Error: Channel error: cannot send/recv

1522231395315	geckodriver	INFO	geckodriver 0.20.0
1522231395322	geckodriver	INFO	Listening on 127.0.0.1:50080
1522231398320	mozrunner::runner	INFO	Running command: "C:\\Program Files\\Mozilla Firefox\\firefox.exe" "-marionette" "-profile" "D:\\AppData\\Local\\Temp\\rust_mozprofile.k69ujn3te30o"
Unable to read VR Path Registry from C:\Users\Sandro\AppData\Local\openvr\openvrpaths.vrpath
Unable to read VR Path Registry from C:\Users\Sandro\AppData\Local\openvr\openvrpaths.vrpath
Unable to read VR Path Registry from C:\Users\Sandro\AppData\Local\openvr\openvrpaths.vrpath
Unable to read VR Path Registry from C:\Users\Sandro\AppData\Local\openvr\openvrpaths.vrpath
Unable to read VR Path Registry from C:\Users\Sandro\AppData\Local\openvr\openvrpaths.vrpath
1522231401051	Marionette	INFO	Listening on port 50089
1522231401518	Marionette	WARN	TLS certificate errors will be ignored for this session
[Parent 16712, Gecko_IOThread] WARNING: pipe error: 109: file z:/build/build/src/ipc/chromium/src/chrome/common/ipc_channel_win.cc, line 346
[Parent 16712, Gecko_IOThread] WARNING: pipe error: 109: file z:/build/build/src/ipc/chromium/src/chrome/common/ipc_channel_win.cc, line 346
[Child 5608, Chrome_ChildThread] WARNING: pipe error: 109: file z:/build/build/src/ipc/chromium/src/chrome/common/ipc_channel_win.cc, line 346
[Child 5608, Chrome_ChildThread] WARNING: pipe error: 109: file z:/build/build/src[Child 10232, Chrome_ChildThread] WARNING: pipe error: 109: file z:/build/build/src/ipc/chromium/src/chrome/common/ipc_channel_win.cc, line 346
[Parent 16712, Gecko_IOThread] WARNING: pipe error: 109: file z:/build/build/src/ipc/chromium/src/chrome/common/ipc_channel_win.cc, line 346
[Child 13364, Chrome_ChildThread] WARNING: pipe error: 109: file z:/build/build/src/ipc/chromium/src/chrome/common/ipc_channel_win.cc, line 346
[Child 13364, Chrome_Chi
###!!! [Child][MessageChannel::SendAndWait] Error: Channel error: cannot send/recv

1522231507030	geckodriver	INFO	geckodriver 0.20.0
1522231507037	geckodriver	INFO	Listening on 127.0.0.1:50198
1522231510034	mozrunner::runner	INFO	Running command: "C:\\Program Files\\Mozilla Firefox\\firefox.exe" "-marionette" "-profile" "D:\\AppData\\Local\\Temp\\rust_mozprofile.qoKKz85goJhN"
Unable to read VR Path Registry from C:\Users\Sandro\AppData\Local\openvr\openvrpaths.vrpath
Unable to read VR Path Registry from C:\Users\Sandro\AppData\Local\openvr\openvrpaths.vrpath
Unable to read VR Path Registry from C:\Users\Sandro\AppData\Local\openvr\openvrpaths.vrpath
Unable to read VR Path Registry from C:\Users\Sandro\AppData\Local\openvr\openvrpaths.vrpath
Unable to read VR Path Registry from C:\Users\Sandro\AppData\Local\openvr\openvrpaths.vrpath
1522231512831	Marionette	INFO	Listening on port 50207
1522231513233	Marionette	WARN	TLS certificate errors will be ignored for this session
[Parent 11876, Gecko_IOThread] WARNING: pipe error: 109: file z:/build/build/src/ipc/chromium/src/chrome/common/ipc_channel_win.cc, line 346
IPDL protocol error: Handler returned error code!

###!!! [Parent][DispatchAsyncMessage] Error: PLayerTransaction::Msg_ReleaseLayer Processing error: message was deserialized, but the handler returned false (indicating failure)

IPDL protocol error: Handler returned error code!

###!!! [Parent][DispatchAsyncMessage] Error: PLayerTransaction::Msg_ReleaseLayer Processing error: message was deserialized, but the handler returned false (indicating failure)

IPDL protocol error: Handler returned error code!

###!!! [Parent][DispatchAsyncMessage] Error: PLayerTransaction::Msg_ReleaseLayer Processing error: message was deserialized, but the handler returned false (indicating failure)

IPDL protocol error: Handler returned error code!

###!!! [Parent][DispatchAsyncMessage] Error: PLayerTransaction::Msg_ReleaseLayer Processing error: message was deserialized, but the handler returned false (indicating failure)

IPDL protocol error: Handler returned error code!

###!!! [Parent][DispatchAsyncMessage] Error: PLayerTransaction::Msg_ReleaseLayer Processing error: message was deserialized, but the handler returned false (indicating failure)

IPDL protocol error: Handler returned error code!

###!!! [Parent][DispatchAsyncMessage] Error: PLayerTransaction::Msg_ReleaseLayer Processing error: message was deserialized, but the handler returned false (indicating failure)

IPDL protocol error: Handler returned error code!

###!!! [Parent][DispatchAsyncMessage] Error: PLayerTransaction::Msg_ReleaseLayer Processing error: message was deserialized, but the handler returned false (indicating failure)

[Parent 11876, Gecko_IOThread] WARNING: pipe error: 109: file z:/build/build/src/ipc/chromium/src/chrome/common/ipc_channel_win.cc, line 346
[Child 12300, Chrome_ChildThread] WARNING: pipe error: 109: file z:/build/build/src/ipc/chromium/src/chrome/common/ipc_channel_win.cc, line 346
[Child 12300, Chrome_ChildThread] WARNING: pipe error: 109: file z:/build/build/src/ipc/chromium/src/chrome/common/ipc_channel_win.cc, line 346

###!!! [Child][MessageChannel::SendAndWait] Error: Channel error: cannot send/recv

1522231588273	geckodriver	INFO	geckodriver 0.20.0
1522231588281	geckodriver	INFO	Listening on 127.0.0.1:50298
1522231591277	mozrunner::runner	INFO	Running command: "C:\\Program Files\\Mozilla Firefox\\firefox.exe" "-marionette" "-profile" "D:\\AppData\\Local\\Temp\\rust_mozprofile.ISjmnGTKMvgK"
Unable to read VR Path Registry from C:\Users\Sandro\AppData\Local\openvr\openvrpaths.vrpath
Unable to read VR Path Registry from C:\Users\Sandro\AppData\Local\openvr\openvrpaths.vrpath
Unable to read VR Path Registry from C:\Users\Sandro\AppData\Local\openvr\openvrpaths.vrpath
Unable to read VR Path Registry from C:\Users\Sandro\AppData\Local\openvr\openvrpaths.vrpath
Unable to read VR Path Registry from C:\Users\Sandro\AppData\Local\openvr\openvrpaths.vrpath
1522231593934	Marionette	INFO	Listening on port 50307
1522231594396	Marionette	WARN	TLS certificate errors will be ignored for this session
[Parent 10184, Gecko_IOThread] WARNING: pipe error: 109: file z:/build/build/src/ipc/chromium/src/chrome/common/ipc_channel_win.cc, line 346
[Child 3912, Chrome_ChildThread] WARNING: pipe error: 109: file z:/build/build/src/ipc/chromium/src/chrome/common/ipc_channel_win.cc, line 346
[Child 3912, Chrome_CIPDL protocol error: Handler returned error code!

###!!! [Parent][DispatchAsyncMessage] Error: PLayerTransaction::Msg_ReleaseLayer Processing error: message was deserialized, but the handler returned false (indicating failure)

IPDL protocol error: Handler returned error code!

###!!! [Parent][DispatchAsyncMessage] Error: PLayerTransaction::Msg_ReleaseLayer Processing error: message was deserialized, but the handler returned false (indicating failure)

IPDL protocol error: Handler returned error code!

###!!! [Parent][DispatchAsyncMessage] Error: PLayerTransaction::Msg_ReleaseLayer Processing error: message was deserialized, but the handler returned false (indicating failure)

IPDL protocol error: Handler returned error code!

###!!! [Parent][DispatchAsyncMessage] Error: PLayerTransaction::Msg_ReleaseLayer Processing error: message was deserialized, but the handler returned false (indicating failure)

IPDL protocol error: Handler returned error code!

###!!! [Parent][DispatchAsyncMessage] Error: PLayerTransaction::Msg_ReleaseLayer Processing error: message was deserialized, but the handler returned false (indicating failure)

IPDL protocol error: Handler returned error code!

###!!! [Parent][DispatchAsyncMessage] Error: PLayerTransaction::Msg_ReleaseLayer Processing error: message was deserialized, but the handler returned false (indicating failure)

IPDL protocol error: Handler returned error code!

###!!! [Parent][DispatchAsyncMessage] Error: PLayerTransaction::Msg_ReleaseLayer Processing error: message was deserialized, but the handler returned false (indicating failure)

[Child 12404, Chrome_ChildThread] WARNING: pipe error: 109: file z:/build/build/src/ipc/chromium/src/chrome/common/ipc_channel_win.cc, line 346
[Child 12404, Chrome_ChildThread] WARNING: pipe error: 109: file z:/build/build/src/ipc/chromium/src/chrome/common/ipc_channel_win.cc, line 346

###!!! [Child][MessageChannel::SendAndWait] Error: Channel error: cannot send/recv

1522231750551	geckodriver	INFO	geckodriver 0.20.0
1522231750559	geckodriver	INFO	Listening on 127.0.0.1:50411
1522231753555	mozrunner::runner	INFO	Running command: "C:\\Program Files\\Mozilla Firefox\\firefox.exe" "-marionette" "-profile" "D:\\AppData\\Local\\Temp\\rust_mozprofile.ArEwu6MPtE8r"
Unable to read VR Path Registry from C:\Users\Sandro\AppData\Local\openvr\openvrpaths.vrpath
Unable to read VR Path Registry from C:\Users\Sandro\AppData\Local\openvr\openvrpaths.vrpath
Unable to read VR Path Registry from C:\Users\Sandro\AppData\Local\openvr\openvrpaths.vrpath
Unable to read VR Path Registry from C:\Users\Sandro\AppData\Local\openvr\openvrpaths.vrpath
Unable to read VR Path Registry from C:\Users\Sandro\AppData\Local\openvr\openvrpaths.vrpath
1522231756220	Marionette	INFO	Listening on port 50420
1522231756669	Marionette	WARN	TLS certificate errors will be ignored for this session
[Parent 16716, Gecko_IOThread] WARNING: pipe error: 109: file z:/build/build/src/ipc/chromium/src/chrome/common/ipc_channel_win.cc, line 346
[Parent 16716, Gecko_IOThread] WARNING: pipe error: 109: file z:/build/build/src/ipc/chromium/src/chrome/common/ipc_channel_win.cc, line 346
[Child 12076, Chrome_ChildThread] WARNING: pipe error: 109: file z:/build/build/src/ipc/chromium/src/chrome/common/ipc_channel_win.cc, line 346
[Child 12076, Chrome_ChildThread] [WARChild 11276, Chrome_ChildThread] WARNING: pipe error: 109: file z:/build/build/src/ipc/chromium/src/chrome/common/ipc_channel_win.cc, line 346
[Child 11276, Chrome_Ch[Parent 16716, Gecko_IOThread] WARNING: pipe error: 109: file z:/build/build/src/ipc/chromium/src/chrome/common/ipc_channel_win.cc, line 346
[Child 9980, Chrome_ChildThread] WARNING: pipe error: 109: file z:/build/build/src/ipc/chromium/src/chrome/common/ipc_channel_win.cc, line 346
[Child 9980, Chrome_ChildThread] WARNING: pip*** UTM:SVC TimerManager:registerTimer called after profile-before-change notification. Ignoring timer registration for id: telemetry_modules_ping

###!!! [Child][MessageChannel::SendAndWait] Error: Channel error: cannot send/recv

1522231820895	geckodriver	INFO	geckodriver 0.20.0
1522231820904	geckodriver	INFO	Listening on 127.0.0.1:50489
1522231823899	mozrunner::runner	INFO	Running command: "C:\\Program Files\\Mozilla Firefox\\firefox.exe" "-marionette" "-profile" "D:\\AppData\\Local\\Temp\\rust_mozprofile.xOgssjqLNurF"
Unable to read VR Path Registry from C:\Users\Sandro\AppData\Local\openvr\openvrpaths.vrpath
Unable to read VR Path Registry from C:\Users\Sandro\AppData\Local\openvr\openvrpaths.vrpath
Unable to read VR Path Registry from C:\Users\Sandro\AppData\Local\openvr\openvrpaths.vrpath
Unable to read VR Path Registry from C:\Users\Sandro\AppData\Local\openvr\openvrpaths.vrpath
Unable to read VR Path Registry from C:\Users\Sandro\AppData\Local\openvr\openvrpaths.vrpath
1522231826901	Marionette	INFO	Listening on port 50498
1522231827164	Marionette	WARN	TLS certificate errors will be ignored for this session
[Parent 14108, Gecko_IOThread] WARNING: pipe error: 109: file z:/build/build/src/ipc/chromium/src/chrome/common/ipc_channel_win.cc, line 346
[Child 11916, Chrome_ChildThread] WARNING: pipe error: 109: file z:/build/build/src/ipc/chromium/src/chrome/common/ipc_channel_win.cc, line 346
[Child 11916, Chrome_ChildThread] WARNING: pipe error: 10[Parent 14108, Gecko_IOThread] WARNING: pipe error: 109: file z:/build/build/src/ipc/chromium/src/chrome/common/ipc_channel_win.cc, line 346
*** UTM:SVC TimerManager:registerTimer called after profile-before-change notification. Ignoring timer registration for id: telemetry_modules_ping

###!!! [Child][MessageChannel::SendAndWait] Error: Channel error: cannot send/recv

1522231853637	geckodriver	INFO	geckodriver 0.20.0
1522231853646	geckodriver	INFO	Listening on 127.0.0.1:50526
1522231856641	mozrunner::runner	INFO	Running command: "C:\\Program Files\\Mozilla Firefox\\firefox.exe" "-marionette" "-profile" "D:\\AppData\\Local\\Temp\\rust_mozprofile.LEhz4zfUcoln"
Unable to read VR Path Registry from C:\Users\Sandro\AppData\Local\openvr\openvrpaths.vrpath
Unable to read VR Path Registry from C:\Users\Sandro\AppData\Local\openvr\openvrpaths.vrpath
Unable to read VR Path Registry from C:\Users\Sandro\AppData\Local\openvr\openvrpaths.vrpath
Unable to read VR Path Registry from C:\Users\Sandro\AppData\Local\openvr\openvrpaths.vrpath
Unable to read VR Path Registry from C:\Users\Sandro\AppData\Local\openvr\openvrpaths.vrpath
1522231859565	Marionette	INFO	Listening on port 50534
1522231859914	Marionette	WARN	TLS certificate errors will be ignored for this session
[Parent 12128, Gecko_IOThread] WARNING: pipe error: 232: file z:/build/build/src/ipc/chromium/src/chrome/common/ipc_channel_win.cc, line 513

###!!! [Parent][RunMessage] Error: Channel error: cannot send/recv


###!!! [Parent][RunMessage] Error: Channel error: cannot send/recv

[Parent 12128, Gecko_IOThread] WARNING: pipe error: 109: file z:/build/build/src/ipc/chromium/src/chrome/common/ipc_channel_win.cc, line 346
[Child 1828, Chrome_ChildThread] WARNING: pipe error: 109: file z:/build/build/src/ipc/chromium/src/chrome/common/ipc_channel_win.cc, line 346

###!!! [Child][MessageChannel::SendAndWait] Error: Channel error: cannot send/recv

vrpaths.vrpath
Unable to read VR Path Registry from C:\Users\Sandro\AppData\Local\openvr\openvrpaths.vrpath
Unable to read VR Path Registry from C:\Users\Sandro\AppData\Local\openvr\openvrpaths.vrpath
Unable to read VR Path Registry from C:\Users\Sandro\AppData\Local\openvr\openvrpaths.vrpath
Unable to read VR Path Registry from C:\Users\Sandro\AppData\Local\openvr\openvrpaths.vrpath
1522231926346	Marionette	INFO	Listening on port 50601
1522231926877	Marionette	WARN	TLS certificate errors will be ignored for this session
[Child 9436, Chrome_ChildThread] [WARNING:Parent 12388 pipe error: 109: fil, e zGecko_I:OThread] WAR/buildNING: pipe/build err/src/or: 109: ipc/cfile z:/hromibuilum/srd/build/src/ipc/chromium/src/chromc/ce/commohromen/ipc/comm_channon/ipel_win.cc, lic_chane 346
nnel_win.cc, line 346
[Child 9436, Ch[Child 10292, Chrome_ChildThread] WARNING: pipe error: 109: file z:/build/build/src/ipc/chromium/src/chrome/common/ipc_channel_win.cc, line 346
[Child 10292, Chrome_ChildThread] WARNING: pipe error: 109: file z:/build/buil[Parent 12388, Gecko_IOThread] WARNING: pipe error: 109: file z:/build/build/src/ipc/chromium/src/chrome/common/ipc_channel_win.cc, line 346
[Child 2960, Chrome_ChildThread] WARNING: pipe error: 109: file z:/build/build/src/ipc/chromium/src/chrome/common/ipc_channel_win.cc, line 346
[Child 2960, Chrome_ChildThread] WARNING: pipe erro*** UTM:SVC TimerManager:registerTimer called after profile-before-change notification. Ignoring timer registration for id: telemetry_modules_ping

###!!! [Child][MessageChannel::SendAndWait] Error: Channel error: cannot send/recv

1522231964227	geckodriver	INFO	geckodriver 0.20.0
1522231964236	geckodriver	INFO	Listening on 127.0.0.1:50649
1522231967240	mozrunner::runner	INFO	Running command: "C:\\Program Files\\Mozilla Firefox\\firefox.exe" "-marionette" "-profile" "D:\\AppData\\Local\\Temp\\rust_mozprofile.RBHdvyXooyQX"
Unable to read VR Path Registry from C:\Users\Sandro\AppData\Local\openvr\openvrpaths.vrpath
Unable to read VR Path Registry from C:\Users\Sandro\AppData\Local\openvr\openvrpaths.vrpath
Unable to read VR Path Registry from C:\Users\Sandro\AppData\Local\openvr\openvrpaths.vrpath
Unable to read VR Path Registry from C:\Users\Sandro\AppData\Local\openvr\openvrpaths.vrpath
Unable to read VR Path Registry from C:\Users\Sandro\AppData\Local\openvr\openvrpaths.vrpath
1522231970139	Marionette	INFO	Listening on port 50657
1522231970432	Marionette	WARN	TLS certificate errors will be ignored for this session
[Child 18212, Chrome_ChildThread] WARNING: pipe error: 109: file z:/build/build/src/ipc/chromium/src/chrome/common/ipc_channel_win.cc, line 346
[Child 18212, Chrome_ChildThread] WARNIN[Parent 6100, Gecko_IOThread] WARNING: pipe error: 109: file z:/build/build/src/ipc/chromium/src/chrome/common/ipc_channel_win.cc, line 346
[Child 9252, Chrome_ChildThread] WARNING: pipe error: 109: file z:/build/build/src/ipc/chromium/src/chrome/common/ipc_channel_win.cc, line 346
[Child 9252, Chrome_ChildThread] WARNING: pipe error: 109: file z:/bui*** UTM:SVC TimerManager:registerTimer called after profile-before-change notification. Ignoring timer registration for id: telemetry_modules_ping
[GPU 4640, Chrome_ChildThread] WARNING: pipe error: 109: file z:/build/build/src/ipc/chromium/src/chrome/common/ipc_channel_win.cc, line 346

###!!! [Child][MessageChannel::SendAndWait] Error: Channel error: cannot send/recv

1522232044711	geckodriver	INFO	geckodriver 0.20.0
1522232044719	geckodriver	INFO	Listening on 127.0.0.1:50704
1522232047716	mozrunner::runner	INFO	Running command: "C:\\Program Files\\Mozilla Firefox\\firefox.exe" "-marionette" "-profile" "D:\\AppData\\Local\\Temp\\rust_mozprofile.zyMjJcDXwc5X"
Unable to read VR Path Registry from C:\Users\Sandro\AppData\Local\openvr\openvrpaths.vrpath
Unable to read VR Path Registry from C:\Users\Sandro\AppData\Local\openvr\openvrpaths.vrpath
Unable to read VR Path Registry from C:\Users\Sandro\AppData\Local\openvr\openvrpaths.vrpath
Unable to read VR Path Registry from C:\Users\Sandro\AppData\Local\openvr\openvrpaths.vrpath
Unable to read VR Path Registry from C:\Users\Sandro\AppData\Local\openvr\openvrpaths.vrpath
1522232050633	Marionette	INFO	Listening on port 50712
1522232051009	Marionette	WARN	TLS certificate errors will be ignored for this session
[Parent 10580, Gecko_IOThread] WARNING: pipe error: 109: file z:/build/build/src/ipc/chromium/src/chrome/common/ipc_channel_win.cc, line 346
[Child 16828, Chrome_ChildThread] WARNING: pipe error: 109: file z:/build/build/src/ipc/chromium/src/chrome/common/ipc_channel_win.cc, line 346
[Child 16828, Chrome_ChildThread] WARNING: pipe error: 109: file z:/build/build/src/ipc/chromium/src/chrome/common/ipc_channel_win.cc, line 346
[Child 1243[Parent 10580, Gecko_IOThread] WARNING: pipe error: 109: file z:/build/build/src/ipc/chromium/src/chrome/common/ipc_channel_win.cc, line 346
[Child 8376, Chrome_ChildThread] WARNING: pipe error: 109: file z:/build/build/src/ipc/chromium/src/chrome/common/ipc_channel_win.cc, line 346
[Child 8376, Chrome_ChildThread]*** UTM:SVC TimerManager:registerTimer called after profile-before-change notification. Ignoring timer registration for id: telemetry_modules_ping

###!!! [Child][MessageChannel::SendAndWait] Error: Channel error: cannot send/recv

1522232086301	geckodriver	INFO	geckodriver 0.20.0
1522232086310	geckodriver	INFO	Listening on 127.0.0.1:50773
1522232089306	mozrunner::runner	INFO	Running command: "C:\\Program Files\\Mozilla Firefox\\firefox.exe" "-marionette" "-profile" "D:\\AppData\\Local\\Temp\\rust_mozprofile.50HSTNKEAU96"
Unable to read VR Path Registry from C:\Users\Sandro\AppData\Local\openvr\openvrpaths.vrpath
Unable to read VR Path Registry from C:\Users\Sandro\AppData\Local\openvr\openvrpaths.vrpath
Unable to read VR Path Registry from C:\Users\Sandro\AppData\Local\openvr\openvrpaths.vrpath
Unable to read VR Path Registry from C:\Users\Sandro\AppData\Local\openvr\openvrpaths.vrpath
Unable to read VR Path Registry from C:\Users\Sandro\AppData\Local\openvr\openvrpaths.vrpath
1522232091957	Marionette	INFO	Listening on port 50781
1522232092435	Marionette	WARN	TLS certificate errors will be ignored for this session
[Child 12260, Chrome_ChildThread] WARNING: pipe error: 109: file z:/build/build/src/ipc/chromium/src/chrome/common/ipc_channel_win.cc, line 346
[Child 12260, Chrome_[Child 2016, Chrome_ChildThread] WARNING: pipe error: 109: file z:/build/build/src/ipc/chromium/src/chrome/common/ipc_channel_win.cc, line 346
[Child 2016, Chrome_ChildThread] WARNING: pipe erro[Parent 18316, Gecko_IOThread] WARNING: pipe error: 109: file z:/build/build/src/ipc/chromium/src/chrome/common/ipc_channel_win.cc, line 346
*** UTM:SVC TimerManager:registerTimer called after profile-before-change notification. Ignoring timer registration for id: telemetry_modules_ping

###!!! [Child][MessageChannel::SendAndWait] Error: Channel error: cannot send/recv

1522232225384	geckodriver	INFO	geckodriver 0.20.0
1522232225392	geckodriver	INFO	Listening on 127.0.0.1:50831
1522232228389	mozrunner::runner	INFO	Running command: "C:\\Program Files\\Mozilla Firefox\\firefox.exe" "-marionette" "-profile" "D:\\AppData\\Local\\Temp\\rust_mozprofile.oX25dw0dKADu"
Unable to read VR Path Registry from C:\Users\Sandro\AppData\Local\openvr\openvrpaths.vrpath
Unable to read VR Path Registry from C:\Users\Sandro\AppData\Local\openvr\openvrpaths.vrpath
Unable to read VR Path Registry from C:\Users\Sandro\AppData\Local\openvr\openvrpaths.vrpath
Unable to read VR Path Registry from C:\Users\Sandro\AppData\Local\openvr\openvrpaths.vrpath
Unable to read VR Path Registry from C:\Users\Sandro\AppData\Local\openvr\openvrpaths.vrpath
1522232230974	Marionette	INFO	Listening on port 50839
1522232231508	Marionette	WARN	TLS certificate errors will be ignored for this session
[Child 8564, Chrome_ChildThread] WARNING: pipe error: 109: file z:/build/build/src/ipc/chromium/src/chrome/common/ipc_channel_win.cc, line 346
[Child 8564, Chrome_ChildThread] [Child 13288, Chrome_ChildThread] WARNING: pipe error: 109: file z:/build/build/src/ipc/chromium/src/chrome/common/
###!!! [Child][RunMessage] Error: Channel closing: too late to send/recv, messages will be lost

ipc_channel_win.cc,
###!!! [Child][RunMessage] Error: Channel closing: too late to send/recv, messages will be lost

 line 346
[Child 1328[Parent 3868, Gecko_IOThread] WARNING: pipe error: 109: file z:/build/build/src/ipc/chromium/src/chrome/common/ipc_channel_win.cc, line 346
[Ch*** UTM:SVC TimerManager:registerTimer called after profile-before-change notification. Ignoring timer registration for id: telemetry_modules_ping

###!!! [Child][MessageChannel::SendAndWait] Error: Channel error: cannot send/recv

1522232256686	geckodriver	INFO	geckodriver 0.20.0
1522232256694	geckodriver	INFO	Listening on 127.0.0.1:50897
1522232259690	mozrunner::runner	INFO	Running command: "C:\\Program Files\\Mozilla Firefox\\firefox.exe" "-marionette" "-profile" "D:\\AppData\\Local\\Temp\\rust_mozprofile.rG2TyuWPZuei"
Unable to read VR Path Registry from C:\Users\Sandro\AppData\Local\openvr\openvrpaths.vrpath
Unable to read VR Path Registry from C:\Users\Sandro\AppData\Local\openvr\openvrpaths.vrpath
Unable to read VR Path Registry from C:\Users\Sandro\AppData\Local\openvr\openvrpaths.vrpath
Unable to read VR Path Registry from C:\Users\Sandro\AppData\Local\openvr\openvrpaths.vrpath
Unable to read VR Path Registry from C:\Users\Sandro\AppData\Local\openvr\openvrpaths.vrpath
1522232262352	Marionette	INFO	Listening on port 50905
1522232262807	Marionette	WARN	TLS certificate errors will be ignored for this session
[Parent 12308, Gecko_IOThread] WARNING: pipe error: 109: file z:/build/build/src/ipc/chromium/src/chrome/common/ipc_channel_win.cc, line 346
[Child 6624, Chrome_ChildThr
###!!! [Child][RunMessage] Error: Channel closing: too late to send/recv, messages will be lost

ead] WARNING: pipe error: 109: file z:/build/build/src/ipc/chromium/src/chrome/common/ipc_channel_win.cc, line 346
[Child 6624, [Child 12324, Chrome_ChildThread] WARNING: pipe error: 109: file z:/build/build/src/ipc/chromium/src/chrome/common/ipc_channel_win.cc, line 346
[Child 12324, Chrome*** UTM:SVC TimerManager:registerTimer called after profile-before-change notification. Ignoring timer registration for id: telemetry_modules_ping

###!!! [Child][MessageChannel::SendAndWait] Error: Channel error: cannot send/recv

1522232669375	geckodriver	INFO	geckodriver 0.20.0
1522232669384	geckodriver	INFO	Listening on 127.0.0.1:50979
1522232672382	mozrunner::runner	INFO	Running command: "C:\\Program Files\\Mozilla Firefox\\firefox.exe" "-marionette" "-profile" "D:\\AppData\\Local\\Temp\\rust_mozprofile.u4rr1ff59faK"
Unable to read VR Path Registry from C:\Users\Sandro\AppData\Local\openvr\openvrpaths.vrpath
Unable to read VR Path Registry from C:\Users\Sandro\AppData\Local\openvr\openvrpaths.vrpath
Unable to read VR Path Registry from C:\Users\Sandro\AppData\Local\openvr\openvrpaths.vrpath
Unable to read VR Path Registry from C:\Users\Sandro\AppData\Local\openvr\openvrpaths.vrpath
Unable to read VR Path Registry from C:\Users\Sandro\AppData\Local\openvr\openvrpaths.vrpath
1522232675087	Marionette	INFO	Listening on port 50988
1522232675576	Marionette	WARN	TLS certificate errors will be ignored for this session
[Parent 9952, Gecko_IOThread] WARNING: pipe error: 109: file z:/build/build/src/ipc/chromium/src/chrome/common/ipc_channel_win.cc, line 346
[Child 2528, Chrome_ChildThread] WARNING: pipe error: 109: file z:/build/build/src/ipc/chromium/src/chrome/common/ipc_channel_win.cc, line 346
[Child 2528, Chrome_ChildThread] WARNING: pipe error: 109: file z:/build/build/src/ipc/chromium[Child 11816, Chrome_ChildThread] WARNING: pipe error: 109: file z:/build/build/src/ipc/chromium/src/chrome/common/ipc_channel_win.cc, line 346
[Child 11816, Chrome_ChildThread] WARNING: pipe error: 109: file z:/build/build/src/ipc/chromium/src/chrome/common/ipc_channel_win.cc, line 346
*** UTM:SVC TimerManager:registerTimer called after profile-before-change notification. Ignoring timer registration for id: telemetry_modules_ping
[GPU 3384, Chrome_ChildThread] WARNING: pipe error: 109: file z:/build/build/src/ipc/chromium/src/chrome/common/ipc_channel_win.cc, line 346

###!!! [Child][MessageChannel::SendAndWait] Error: Channel error: cannot send/recv

1522232805505	geckodriver	INFO	geckodriver 0.20.0
1522232805513	geckodriver	INFO	Listening on 127.0.0.1:51038
1522232808519	mozrunner::runner	INFO	Running command: "C:\\Program Files\\Mozilla Firefox\\firefox.exe" "-marionette" "-profile" "D:\\AppData\\Local\\Temp\\rust_mozprofile.QSV5OVF6Z897"
Unable to read VR Path Registry from C:\Users\Sandro\AppData\Local\openvr\openvrpaths.vrpath
Unable to read VR Path Registry from C:\Users\Sandro\AppData\Local\openvr\openvrpaths.vrpath
Unable to read VR Path Registry from C:\Users\Sandro\AppData\Local\openvr\openvrpaths.vrpath
Unable to read VR Path Registry from C:\Users\Sandro\AppData\Local\openvr\openvrpaths.vrpath
Unable to read VR Path Registry from C:\Users\Sandro\AppData\Local\openvr\openvrpaths.vrpath
1522232811272	Marionette	INFO	Listening on port 51046
1522232811834	Marionette	WARN	TLS certificate errors will be ignored for this session
Unable to read VR Path Registry from C:\Users\Sandro\AppData\Local\openvr\openvrpaths.vrpath
[Child 12280, Chrome_ChildThread] WARNING: pipe error: 109: file z:/build/build/src/ipc/chromium/src/chrome/common/ipc_channel_win.cc, line 346
[Child 12280, Chrome_ChildThread] W[Parent 12148, Gecko_IOThread] WARNING: pipe error: 109: file z:/build/build/src/ipc/chromium/src/chrome/common/ipc_channel_win.cc, line 346
[[Parent 12148, Gecko_IOThread] WARNING: pipe error: 109: file z:/build/build/src/ipc/chromium/src/chrome/common/ipc_channel_win.cc, line 346
[Child 4112, Chrome_ChildThread] WARNING: pipe error: 109: file z:/build/build/src/ipc/chromium/src/chrome/common/ipc_channel_win.cc, line 346
[Child 4112, Chrome_Ch[Child 6752, Chrome_ChildThread] WARNING: pipe error: 109: file z:/build/build/src/ipc/chromium/src/chrome/common/ipc_channel_win.cc, line 346
[Child 6752, Chrome_Child
###!!! [Child][MessageChannel::SendAndWait] Error: Channel error: cannot send/recv

ths.vrpath
Unable to read VR Path Registry from C:\Users\Sandro\AppData\Local\openvr\openvrpaths.vrpath
Unable to read VR Path Registry from C:\Users\Sandro\AppData\Local\openvr\openvrpaths.vrpath
1522232949757	Marionette	INFO	Listening on port 51131
1522232950293	Marionette	WARN	TLS certificate errors will be ignored for this session
[Child 12172, Chrome_ChildThread] WARNING: pipe error: 109: file z:/build/build/src/ipc/chromium/src/chrome/common/ipc_channel_win.cc, line 346
[Child 12172, Chrome_ChildThread] WARNING: [Parent 13420, Gecko_IOThread] WARNING: pipe error: 109: file z:/build/build/src/ipc/chromium/src/chrome/common/ipc_channel_win.cc, line 346
[Child 12528, Chrome_ChildThread] WARNING: pipe error: 109: file z:/build/build/src/ipc/chromium/src/chrome/common/ipc_channel_win.cc, line 346
[Child 12528, Chrome_ChildThread] WARNING: pipe error: 109: file z:/build/build/src/ipc/chromium/src/chrome/common/ipc_channel_win.cc, line 346
[Parent 13420, Gecko_IOThread] WARNING: pipe error: 109: file z:/build/build/src/ipc/chromium/src/chrome/common/ipc_channel_win.cc, line 346
[Child 18176, Chrome_ChildThread] WARNING: pipe error: 109: file z:/build/build/src/ipc/chromium/src/chrome/common/ipc_channel_win.cc, line 346
[Child 18176, Chrome_*** UTM:SVC TimerManager:registerTimer called after profile-before-change notification. Ignoring timer registration for id: telemetry_modules_ping

###!!! [Child][MessageChannel::SendAndWait] Error: Channel error: cannot send/recv

1522233162907	geckodriver	INFO	geckodriver 0.20.0
1522233162915	geckodriver	INFO	Listening on 127.0.0.1:51210
1522233165925	mozrunner::runner	INFO	Running command: "C:\\Program Files\\Mozilla Firefox\\firefox.exe" "-marionette" "-profile" "D:\\AppData\\Local\\Temp\\rust_mozprofile.hWoocdFaRQtD"
Unable to read VR Path Registry from C:\Users\Sandro\AppData\Local\openvr\openvrpaths.vrpath
Unable to read VR Path Registry from C:\Users\Sandro\AppData\Local\openvr\openvrpaths.vrpath
Unable to read VR Path Registry from C:\Users\Sandro\AppData\Local\openvr\openvrpaths.vrpath
Unable to read VR Path Registry from C:\Users\Sandro\AppData\Local\openvr\openvrpaths.vrpath
Unable to read VR Path Registry from C:\Users\Sandro\AppData\Local\openvr\openvrpaths.vrpath
1522233168778	Marionette	INFO	Listening on port 51218
1522233169063	Marionette	WARN	TLS certificate errors will be ignored for this session
[Parent 4108, Gecko_IOThread] WARNING: pipe error: 109: file z:/build/build/src/ipc/chromium/src/chrome/common/ipc_channel_win.cc, line 346
[Child 16008, Chrome_ChildThread] WARNING: pipe error: 109: file z:/build/build/src/ipc/chromium/src/chrome/common/ipc_channel_win.cc, line 346
[Child 16008, Chrome_ChildTh[Child 10704, Chrome_ChildThread] WARNING: pipe error: 109: file z:/build/build/src/ipc/chromium/src/chrome/common/ipc_channel_win.cc, line 346
[Child 10704, Chr[Parent 4108, Gecko_IOThread] WARNING: pipe error: 109: file z:/build/build/src/ipc/chromium/src/chrome/common/ipc_channel_win.cc, line 346
[Child 14332, Chrome_ChildThread] WARNING: pipe error: 109: file z:/build/build/src/ipc/chromium/src/chrome/common/ipc_channel_win.cc, line 346
[Child 14332, Chrome_ChildThread*** UTM:SVC TimerManager:registerTimer called after profile-before-change notification. Ignoring timer registration for id: telemetry_modules_ping

###!!! [Child][MessageChannel::SendAndWait] Error: Channel error: cannot send/recv

1522233239661	geckodriver	INFO	geckodriver 0.20.0
1522233239669	geckodriver	INFO	Listening on 127.0.0.1:51271
1522233242676	mozrunner::runner	INFO	Running command: "C:\\Program Files\\Mozilla Firefox\\firefox.exe" "-marionette" "-profile" "D:\\AppData\\Local\\Temp\\rust_mozprofile.zOpLUMPOoSUM"
Unable to read VR Path Registry from C:\Users\Sandro\AppData\Local\openvr\openvrpaths.vrpath
Unable to read VR Path Registry from C:\Users\Sandro\AppData\Local\openvr\openvrpaths.vrpath
Unable to read VR Path Registry from C:\Users\Sandro\AppData\Local\openvr\openvrpaths.vrpath
Unable to read VR Path Registry from C:\Users\Sandro\AppData\Local\openvr\openvrpaths.vrpath
Unable to read VR Path Registry from C:\Users\Sandro\AppData\Local\openvr\openvrpaths.vrpath
1522233245404	Marionette	INFO	Listening on port 51279
1522233246004	Marionette	WARN	TLS certificate errors will be ignored for this session
[Child 10856, Chrome_ChildThread] WARNING: pipe error: 109: file z:/build/build/src/ipc/chromium/src/chrome/common/ipc_channel_win.cc, line 346
[Child 10856, Chrome_ChildThread] WARNING: pipe error: 109: file z:/build/build/src/ipc/chromiu[Child 1164[Parent 16620, Gecko_IOThread] WARNING: pipe error: 109: file z:/build/build/src/ipc/chromium/src/chrome/common/ipc_channel_win.cc, line 346
*** UTM:SVC TimerManager:registerTimer called after profile-before-change notification. Ignoring timer registration for id: telemetry_modules_ping

###!!! [Child][MessageChannel::SendAndWait] Error: Channel error: cannot send/recv

1522233332129	geckodriver	INFO	geckodriver 0.20.0
1522233332138	geckodriver	INFO	Listening on 127.0.0.1:51326
1522233335145	mozrunner::runner	INFO	Running command: "C:\\Program Files\\Mozilla Firefox\\firefox.exe" "-marionette" "-profile" "D:\\AppData\\Local\\Temp\\rust_mozprofile.o1CytlWk2RrG"
Unable to read VR Path Registry from C:\Users\Sandro\AppData\Local\openvr\openvrpaths.vrpath
Unable to read VR Path Registry from C:\Users\Sandro\AppData\Local\openvr\openvrpaths.vrpath
Unable to read VR Path Registry from C:\Users\Sandro\AppData\Local\openvr\openvrpaths.vrpath
Unable to read VR Path Registry from C:\Users\Sandro\AppData\Local\openvr\openvrpaths.vrpath
Unable to read VR Path Registry from C:\Users\Sandro\AppData\Local\openvr\openvrpaths.vrpath
1522233337823	Marionette	INFO	Listening on port 51334
1522233338306	Marionette	WARN	TLS certificate errors will be ignored for this session
[Child 3456, Chrome_ChildThread] WARNING: pipe error: 109: file z:/build/build/src/ipc/chromium/src/chrome/common/ipc_channel_win.cc, line 346
[Child 3456, Chrome_[Parent 9828, Gecko_IOThread] WARNING: pipe error: 109: file z:/build/build/src/ipc/chromium/src/chrome/common/ipc_channel_win.cc, line 346
[Child 9088, Chrome_ChildThread] WARNING: pipe error: 109: file z:/build/build/src/ipc/chromium/src/chrome/common/ipc_channel_win.cc, line 346
[Child 9088, Chrome_ChildThread] WARNING: pipe error: 109: file z:/build/build/src/ipc/chromium/src/chrome/common/ipc_channel_win.cc, line 346
*** UTM:SVC TimerManager:registerTimer called after profile-before-change notification. Ignoring timer registration for id: telemetry_modules_ping

###!!! [Child][MessageChannel::SendAndWait] Error: Channel error: cannot send/recv

1522233388675	geckodriver	INFO	geckodriver 0.20.0
1522233388683	geckodriver	INFO	Listening on 127.0.0.1:51398
1522233391700	mozrunner::runner	INFO	Running command: "C:\\Program Files\\Mozilla Firefox\\firefox.exe" "-marionette" "-profile" "D:\\AppData\\Local\\Temp\\rust_mozprofile.qrwNY1CEPSD8"
Unable to read VR Path Registry from C:\Users\Sandro\AppData\Local\openvr\openvrpaths.vrpath
Unable to read VR Path Registry from C:\Users\Sandro\AppData\Local\openvr\openvrpaths.vrpath
Unable to read VR Path Registry from C:\Users\Sandro\AppData\Local\openvr\openvrpaths.vrpath
Unable to read VR Path Registry from C:\Users\Sandro\AppData\Local\openvr\openvrpaths.vrpath
Unable to read VR Path Registry from C:\Users\Sandro\AppData\Local\openvr\openvrpaths.vrpath
1522233394463	Marionette	INFO	Listening on port 51406
1522233395074	Marionette	WARN	TLS certificate errors will be ignored for this session
[Parent 10044, Gecko_IOThread] WARNING: pipe error: 109: file z:/build/build/src/ipc/chromium/src/chrome/common/ipc_channel_win.cc, line 346
[Child 11736, Chrome_ChildThread] WARNING: pipe error: 109: file z:/build/build/src/ipc/chromium/src/chrome/common/ipc_channel_win.cc, line 346
[Child 11736, Chrome_ChildThread] [Child 14236, Chrome_ChildThread] WARNING: pipe error: 109: file z:/build/build/src/ipc/chromium/src/chrome/common/ipc_channel_win.cc, line 346
[Child 14236, Chrome_ChildThread] WARNING: pipe error: 109: file z:/build/build/s*** UTM:SVC TimerManager:registerTimer called after profile-before-change notification. Ignoring timer registration for id: telemetry_modules_ping
[GPU 10704, Chrome_ChildThread] WARNING: pipe error: 109: file z:/build/build/src/ipc/chromium/src/chrome/common/ipc_channel_win.cc, line 346

###!!! [Child][MessageChannel::SendAndWait] Error: Channel error: cannot send/recv

1522233558962	geckodriver	INFO	geckodriver 0.20.0
1522233558971	geckodriver	INFO	Listening on 127.0.0.1:51456
1522233562006	mozrunner::runner	INFO	Running command: "C:\\Program Files\\Mozilla Firefox\\firefox.exe" "-marionette" "-profile" "D:\\AppData\\Local\\Temp\\rust_mozprofile.16Gf8icJzjK5"
Unable to read VR Path Registry from C:\Users\Sandro\AppData\Local\openvr\openvrpaths.vrpath
Unable to read VR Path Registry from C:\Users\Sandro\AppData\Local\openvr\openvrpaths.vrpath
Unable to read VR Path Registry from C:\Users\Sandro\AppData\Local\openvr\openvrpaths.vrpath
Unable to read VR Path Registry from C:\Users\Sandro\AppData\Local\openvr\openvrpaths.vrpath
Unable to read VR Path Registry from C:\Users\Sandro\AppData\Local\openvr\openvrpaths.vrpath
1522233564936	Marionette	INFO	Listening on port 51466
1522233565200	Marionette	WARN	TLS certificate errors will be ignored for this session
[Parent 11108, Gecko_IOThread] WARNING: pipe error: 109: file z:/build/build/src/ipc/chromium/src/chrome/common/ipc_channel_win.cc, line 346
[Child 14824, Chrome_ChildThread] WARNING: pipe error: 109: file z:/build/build/src/ipc/chromium/src/chrome/common/ipc_channel_win.cc, line 346
[Child 14824, Chr[Child 9488, Chrome_ChildThread] WARNING: pipe error: 109: file z:/build/build/src/ipc/chromium/src/chrome/common/ipc_channel_w
###!!! [Child][RunMessage] Error: Channel closing: too late to send/recv, messages will be lost

in.cc, line 346
[Child 9488, Chrome_ChildThread] WARNING: pipe error: 109: file z:/build/build/src/ipc/chromium/src/chrome/common/ipc_channel_win.cc, l*** UTM:SVC TimerManager:registerTimer called after profile-before-change notification. Ignoring timer registration for id: telemetry_modules_ping

###!!! [Child][MessageChannel::SendAndWait] Error: Channel error: cannot send/recv

1522233632521	geckodriver	INFO	geckodriver 0.20.0
1522233632529	geckodriver	INFO	Listening on 127.0.0.1:51534
1522233635525	mozrunner::runner	INFO	Running command: "C:\\Program Files\\Mozilla Firefox\\firefox.exe" "-marionette" "-profile" "D:\\AppData\\Local\\Temp\\rust_mozprofile.2ZzHZB5HOTxt"
Unable to read VR Path Registry from C:\Users\Sandro\AppData\Local\openvr\openvrpaths.vrpath
Unable to read VR Path Registry from C:\Users\Sandro\AppData\Local\openvr\openvrpaths.vrpath
Unable to read VR Path Registry from C:\Users\Sandro\AppData\Local\openvr\openvrpaths.vrpath
Unable to read VR Path Registry from C:\Users\Sandro\AppData\Local\openvr\openvrpaths.vrpath
Unable to read VR Path Registry from C:\Users\Sandro\AppData\Local\openvr\openvrpaths.vrpath
1522233638103	Marionette	INFO	Listening on port 51542
1522233638642	Marionette	WARN	TLS certificate errors will be ignored for this session
[Child 7480, Chrome_ChildThread] WARNING: pipe error: 109: file z:/build/build/src/ipc/chromium/src/chrome/common/ipc_channel_win.cc, line 346
[Child 7480, Chrome_ChildThread] WARNING: pipe error: 109:[Child 9108, Chrome_ChildThread] WARNING: pipe error: 109: file z:/build/build/src/ipc/chromium/src/chrome/common/ipc_channel_win.cc, line 346
[Child 9108, Chrome_Chil
###!!! [Child][MessageChannel::SendAndWait] Error: Channel error: cannot send/recv

1522270807970	geckodriver	INFO	geckodriver 0.20.0
1522270808018	geckodriver	INFO	Listening on 127.0.0.1:53855
1522270811181	mozrunner::runner	INFO	Running command: "C:\\Program Files\\Mozilla Firefox\\firefox.exe" "-marionette" "-profile" "D:\\AppData\\Local\\Temp\\rust_mozprofile.2dBp3MPwRXBD"
Unable to read VR Path Registry from C:\Users\Sandro\AppData\Local\openvr\openvrpaths.vrpath
Unable to read VR Path Registry from C:\Users\Sandro\AppData\Local\openvr\openvrpaths.vrpath
Unable to read VR Path Registry from C:\Users\Sandro\AppData\Local\openvr\openvrpaths.vrpath
Unable to read VR Path Registry from C:\Users\Sandro\AppData\Local\openvr\openvrpaths.vrpath
Unable to read VR Path Registry from C:\Users\Sandro\AppData\Local\openvr\openvrpaths.vrpath
1522270814347	Marionette	INFO	Listening on port 53863
1522270814523	Marionette	WARN	TLS certificate errors will be ignored for this session
[Parent 9260, Gecko_IOThread] WARNING: pipe error: 109: file z:/build/build/src/ipc/chromium/src/chrome/common/ipc_channel_win.cc, line 346
[Parent 9260, Gecko_IOThread] WARNING: pipe error: 109: file z:/build/build/src/ipc/chromium/src/chrome/common/ipc_channel_win.cc, line 346
[Child 4648, Chrome_ChildThread] WARNING: pipe error: 109: file z:/build/build/src/ipc/chromium/src/chrome/common/ipc_channel_win.cc, line 346
[Child 4648, Chrome_ChildThread] WARNING: pipe error: 
###!!! [Child][MessageChannel::SendAndWait] Error: Channel error: cannot send/recv

